A D/4horslrd////
A D/addmun10////
A D/adultmon////
A D/aftrmh10////
A D/al353////
A D/al40////
A D/anlord10////
A D/ansilord////
A D/arabld20////
A D/barnlord////
A D/bblor102////
A D/bludlrd////
A D/cltlrd10////
A D/clu_enem////
A D/colorld////
A D/cyber209////
A D/daemonic////
A D/demon01////
A D/depress////
A D/dethmenu////
A D/dimensia////
A D/dklord////
A D/dllord20////
A D/dlrealm////
A D/doomlord////
A D/dragford////
A D/draghunt////
A D/dsrtlord////
A D/egyptlrd////
A D/elflord////
A D/evenlord////
A D/exptlord////
A D/extrlord////
A D/falltxt////
A D/garlord////
A D/ghostlor////
A D/ghostlrd////
A D/gslord////
A D/gwarlrd2////
A D/hellfire////
A D/hilbilld////
A D/hippy////
A D/jaxlord////
A D/ldcolors////
A D/ldrrated////
A D/ldterror////
A D/ldxxx////
A D/ledlord////
A D/legend1////
A D/legends////
A D/lgdspy////
A D/lichlord////
A D/loms////
A D/looney10////
A D/lordansi////
A D/lordcarn////
A D/lordchng////
A D/lordmorn////
A D/lordshad////
A D/lordtxt////
A D/lwinter2////
A D/mashlord////
A D/mdrnwrld////
A D/met10b////
A D/mtglord////
A D/mtolymps////
A D/mystlord////
A D/newmon10////
A D/nightfal////
A D/nuktown////
A D/oneless////
A D/pyrolord////
A D/scmon12////
A D/sh3-5////
A D/simpson////
A D/spider-4////
A D/sswlrd12////
A D/star10////
A D/sumlord////
A D/swlord////
A D/tavern10////
A D/tdragd06////
A D/tdt_inc////
A D/tlord20////
A D/tnglord////
A D/toby////
A D/vamp01////
A D/vamplord////
A D/viowed01////
A D/visio003////
A D/vlord15////
A D/warriors////
A D/wetlord////
A D/willowld////
A D/wlord1_0////
A D/wulftxt////
A D/xlordspz////
