A D/DDArchiveViewer////
A D/DDAreaChoosers////
A D/DDMsgReader////
A D/DDUploadProcessor////
A D/SlyVote////
A D/ansiview////
A D/atlantis////
A D/bbs-scene.org////
A D/bbsfinder.net////
A D/bublbogl////
A D/bullshit////
A D/chat_pager////
A D/chess////
A D/chickendelivery////
A D/dgnlance////
A D/dicewarz////
A D/dicewarz2////
A D/doorscan////
A D/dovebowl////
A D/dpoker////
A D/druglord////
A D/ecreader////
A D/fatfish////
A D/go-for////
A D/gooble////
A D/hamtest////
A D/jeopardized////
A D/kingdom////
A D/knk////
A D/lemons////
A D/life////
A D/lord////
A D/lord2////
A D/maze////
A D/mc////
A D/minesweeper////
A D/mrc////
A D/oneliners////
A D/pisorama////
A D/sbj////
A D/sbl////
A D/scb////
A D/sdk////
A D/seabattle////
A D/slyvote////
A D/smm////
A D/starstocks////
A D/startrek////
A D/synchronetris////
A D/syncwall////
A D/synkroban////
A D/tankbattle////
A D/tbd////
A D/thirsty////
A D/tw2////
A D/twitter////
A D/uberblox////
A D/war////
A D/wordem////
